build/app/intermediates/proguard-rules/release/aapt_rules.txt
# Referenced at merged_manifests/release/AndroidManifest.xml:19
-keep class android.app.Application { <init>(); }
# Referenced at merged_manifests/release/AndroidManifest.xml:19
-keep class androidx.core.app.CoreComponentFactory { <init>(); }
# Referenced at merged_manifests/release/AndroidManifest.xml:24
-keep class com.example.flutter_app.MainActivity { <init>(); }